2022-11-16 06:17:07 status half-configured linux-hwe-5.4-headers-5.4.0-132:all 5.4.0-132.148~18.04.1
2022-11-16 06:17:07 status installed linux-hwe-5.4-headers-5.4.0-132:all 5.4.0-132.148~18.04.1
2022-11-16 06:17:07 configure linux-headers-5.4.0-132-generic:amd64 5.4.0-132.148~18.04.1 <none>
2022-11-16 06:17:07 status unpacked linux-headers-5.4.0-132-generic:amd64 5.4.0-132.148~18.04.1
2022-11-16 06:17:07 status half-configured linux-headers-5.4.0-132-generic:amd64 5.4.0-132.148~18.04.1
2022-11-16 06:17:07 status installed linux-headers-5.4.0-132-generic:amd64 5.4.0-132.148~18.04.1
2022-11-16 06:17:07 configure linux-modules-5.4.0-132-generic:amd64 5.4.0-132.148~18.04.1 <none>
2022-11-16 06:17:07 status unpacked linux-modules-5.4.0-132-generic:amd64 5.4.0-132.148~18.04.1
2022-11-16 06:17:07 status half-configured linux-modules-5.4.0-132-generic:amd64 5.4.0-132.148~18.04.1
2022-11-16 06:17:07 status installed linux-modules-5.4.0-132-generic:amd64 5.4.0-132.148~18.04.1
2022-11-16 06:17:07 configure linux-headers-generic-hwe-18.04:amd64 5.4.0.132.148~18.04.109 <none>
2022-11-16 06:17:07 status unpacked linux-headers-generic-hwe-18.04:amd64 5.4.0.132.148~18.04.109
2022-11-16 06:17:07 status half-configured linux-headers-generic-hwe-18.04:amd64 5.4.0.132.148~18.04.109
2022-11-16 06:17:07 status installed linux-headers-generic-hwe-18.04:amd64 5.4.0.132.148~18.04.109
2022-11-16 06:17:07 configure linux-image-5.4.0-132-generic:amd64 5.4.0-132.148~18.04.1 <none>
2022-11-16 06:17:07 status unpacked linux-image-5.4.0-132-generic:amd64 5.4.0-132.148~18.04.1
2022-11-16 06:17:07 status half-configured linux-image-5.4.0-132-generic:amd64 5.4.0-132.148~18.04.1
2022-11-16 06:17:08 status installed linux-image-5.4.0-132-generic:amd64 5.4.0-132.148~18.04.1
2022-11-16 06:17:08 status triggers-pending linux-image-5.4.0-132-generic:amd64 5.4.0-132.148~18.04.1
2022-11-16 06:17:08 configure linux-modules-extra-5.4.0-132-generic:amd64 5.4.0-132.148~18.04.1 <none>
2022-11-16 06:17:08 status unpacked linux-modules-extra-5.4.0-132-generic:amd64 5.4.0-132.148~18.04.1
2022-11-16 06:17:08 status half-configured linux-modules-extra-5.4.0-132-generic:amd64 5.4.0-132.148~18.04.1
2022-11-16 06:17:08 status installed linux-modules-extra-5.4.0-132-generic:amd64 5.4.0-132.148~18.04.1
2022-11-16 06:17:08 configure linux-image-generic-hwe-18.04:amd64 5.4.0.132.148~18.04.109 <none>
2022-11-16 06:17:08 status unpacked linux-image-generic-hwe-18.04:amd64 5.4.0.132.148~18.04.109
2022-11-16 06:17:08 status half-configured linux-image-generic-hwe-18.04:amd64 5.4.0.132.148~18.04.109
2022-11-16 06:17:08 status installed linux-image-generic-hwe-18.04:amd64 5.4.0.132.148~18.04.109
2022-11-16 06:17:08 configure linux-generic-hwe-18.04:amd64 5.4.0.132.148~18.04.109 <none>
2022-11-16 06:17:08 status unpacked linux-generic-hwe-18.04:amd64 5.4.0.132.148~18.04.109
2022-11-16 06:17:08 status half-configured linux-generic-hwe-18.04:amd64 5.4.0.132.148~18.04.109
2022-11-16 06:17:08 status installed linux-generic-hwe-18.04:amd64 5.4.0.132.148~18.04.109
2022-11-16 06:17:08 trigproc linux-image-5.4.0-132-generic:amd64 5.4.0-132.148~18.04.1 <none>
2022-11-16 06:17:08 status half-configured linux-image-5.4.0-132-generic:amd64 5.4.0-132.148~18.04.1
2022-11-16 06:17:16 status installed linux-image-5.4.0-132-generic:amd64 5.4.0-132.148~18.04.1
